<?xml version="1.0" encoding="UTF-8"?>
<testsuite xmlns:xsi="http://www.w3.org/2001/XMLSchema-instance" xsi:noNamespaceSchemaLocation="https://maven.apache.org/surefire/maven-surefire-plugin/xsd/surefire-test-report-3.0.xsd" version="3.0" name="assignment2.GETClientConcurrentTest" time="2.029" tests="1" errors="0" skipped="0" failures="0">
  <properties>
[...]
</properties>
  <testcase name="testMultipleGetClients" classname="assignment2.GETClientConcurrentTest" time="2.028">
    <system-out><![CDATA[Recovering from weather_data.json, exists: false
Persisted to weather_data.temp.json
Moved to weather_data.json
PUT successful with status: 200
Client outputs:
Client 47 (all stations): getData(null) result: [{"id":"test_station","name":"Test Station","state":"CA","timeZone":"PST","lat":34.05,"lon":-118.25,"localDateTime":"15/09/25 14:30","localDateTimeFull":"20250915143000","airTemp":22.5,"apparentT":20.0,"cloud":"Clear","dewpt":10.0,"press":1013.25,"relHum":50,"windDir":"N","windSpdKmh":10,"windSpdKt":5}]
getData(null) result: [{"id":"test_station","name":"Test Station","state":"CA","timeZone":"PST","lat":34.05,"lon":-118.25,"localDateTime":"15/09/25 14:30","localDateTimeFull":"20250915143000","airTemp":22.5,"apparentT":20.0,"cloud":"Clear","dewpt":10.0,"press":1013.25,"relHum":50,"windDir":"N","windSpdKmh":10,"windSpdKt":5}]
Station 1:
id: test_station
name: Test Station
state: CA
timeZone: PST
lat: 34.05
lon: -118.25
localDateTime: 15/09/25 14:30
localDateTimeFull: 20250915143000
airTemp: 22.5
apparentT: 20.0
id: test_station
cloud: Clear
name: Test Station
dewpt: 10.0
state: CA
timeZone: PST
press: 1013.25
lat: 34.05
relHum: 50
lon: -118.25
windDir: N
localDateTime: 15/09/25 14:30
windSpdKmh: 10
localDateTimeFull: 20250915143000
windSpdKt: 5

airTemp: 22.5
apparentT: 20.0
cloud: Clear
dewpt: 10.0
press: 1013.25

Client 55 (test_station): name: Test Station
state: CA

Client 57 (test_station): 
Client 54 (all stations): airTemp: 22.5

Client 53 (test_station): dewpt: 10.0
press: 1013.25
relHum: 50

Client 52 (all stations): windSpdKt: 5


Client 56 (all stations): 
Client 51 (test_station): 
Client 49 (all stations): 
Client 48 (test_station): 
]]></system-out>
    <system-err><![CDATA[Server startup failed: Address already in use
]]></system-err>
  </testcase>
</testsuite>