<?xml version="1.0" encoding="UTF-8"?>
<testsuite xmlns:xsi="http://www.w3.org/2001/XMLSchema-instance" xsi:noNamespaceSchemaLocation="https://maven.apache.org/surefire/maven-surefire-plugin/xsd/surefire-test-report-3.0.xsd" version="3.0" name="assignment2.AggregationServerTest" time="48.045" tests="4" errors="0" skipped="0" failures="0">
  <properties>
[...]
</properties>
  <testcase name="testDataExpiry" classname="assignment2.AggregationServerTest" time="42.015">
    <system-out><![CDATA[Recovering from weather_data.json, exists: false
Persisted to weather_data.temp.json
Moved to weather_data.json
testDataExpiry PUT response:
HTTP/1.1 200 OK
Lamport-Clock: 55
Content-Length: 0



Persisted to weather_data.temp.json
Moved to weather_data.json
Persisted to weather_data.temp.json
Moved to weather_data.json
Persisted to weather_data.temp.json
Moved to weather_data.json
Persisted to weather_data.temp.json
Moved to weather_data.json
Persisted to weather_data.temp.json
Moved to weather_data.json
Persisted to weather_data.temp.json
Moved to weather_data.json
Persisted to weather_data.temp.json
Moved to weather_data.json
Persisted to weather_data.temp.json
Moved to weather_data.json
Persisted to weather_data.temp.json
Moved to weather_data.json
Persisted to weather_data.temp.json
Moved to weather_data.json
Persisted to weather_data.temp.json
Moved to weather_data.json
Persisted to weather_data.temp.json
Moved to weather_data.json
Persisted to weather_data.temp.json
Moved to weather_data.json
Persisted to weather_data.temp.json
Moved to weather_data.json
Persisted to weather_data.temp.json
Moved to weather_data.json
Persisted to weather_data.temp.json
Moved to weather_data.json
Persisted to weather_data.temp.json
Moved to weather_data.json
Persisted to weather_data.temp.json
Moved to weather_data.json
Persisted to weather_data.temp.json
Moved to weather_data.json
Persisted to weather_data.temp.json
Moved to weather_data.json
Persisted to weather_data.temp.json
Moved to weather_data.json
Persisted to weather_data.temp.json
Moved to weather_data.json
Persisted to weather_data.temp.json
Moved to weather_data.json
Persisted to weather_data.temp.json
Moved to weather_data.json
Persisted to weather_data.temp.json
Moved to weather_data.json
Persisted to weather_data.temp.json
Moved to weather_data.json
getData(null) result: []
testDataExpiry GET response:
HTTP/1.1 200 OK
Lamport-Clock: 57
Content-Type: application/json
Content-Length: 2

[]

]]></system-out>
    <system-err><![CDATA[Server startup failed: Address already in use
java.net.BindException: Address already in use
	at java.base/sun.nio.ch.Net.bind0(Native Method)
	at java.base/sun.nio.ch.Net.bind(Net.java:555)
	at java.base/sun.nio.ch.Net.bind(Net.java:544)
	at java.base/sun.nio.ch.NioSocketImpl.bind(NioSocketImpl.java:648)
	at java.base/java.net.ServerSocket.bind(ServerSocket.java:388)
	at java.base/java.net.ServerSocket.<init>(ServerSocket.java:274)
	at java.base/java.net.ServerSocket.<init>(ServerSocket.java:167)
	at assignment2.AggregationServer.<init>(AggregationServer.java:30)
	at assignment2.AggregationServerTest.lambda$setUp$0(AggregationServerTest.java:23)
	at java.base/java.lang.Thread.run(Thread.java:840)
]]></system-err>
  </testcase>
  <testcase name="testServerStartup" classname="assignment2.AggregationServerTest" time="2.006">
    <system-out><![CDATA[Recovering from weather_data.json, exists: false
Persisted to weather_data.temp.json
Moved to weather_data.json
]]></system-out>
    <system-err><![CDATA[Server startup failed: Address already in use
java.net.BindException: Address already in use
	at java.base/sun.nio.ch.Net.bind0(Native Method)
	at java.base/sun.nio.ch.Net.bind(Net.java:555)
	at java.base/sun.nio.ch.Net.bind(Net.java:544)
	at java.base/sun.nio.ch.NioSocketImpl.bind(NioSocketImpl.java:648)
	at java.base/java.net.ServerSocket.bind(ServerSocket.java:388)
	at java.base/java.net.ServerSocket.<init>(ServerSocket.java:274)
	at java.base/java.net.ServerSocket.<init>(ServerSocket.java:167)
	at assignment2.AggregationServer.<init>(AggregationServer.java:30)
	at assignment2.AggregationServerTest.lambda$setUp$0(AggregationServerTest.java:23)
	at java.base/java.lang.Thread.run(Thread.java:840)
java.io.IOException: Empty request
]]></system-err>
  </testcase>
  <testcase name="testGetWeatherJsonWhenEmpty" classname="assignment2.AggregationServerTest" time="2.008">
    <system-out><![CDATA[Recovering from weather_data.json, exists: false
Persisted to weather_data.temp.json
Moved to weather_data.json
Persisted to weather_data.temp.json
Moved to weather_data.json
Persisted to weather_data.temp.json
Moved to weather_data.json
getData(null) result: []
testGetWeatherJsonWhenEmpty response:
HTTP/1.1 200 OK
Lamport-Clock: 59
Content-Type: application/json
Content-Length: 2

[]

]]></system-out>
    <system-err><![CDATA[	at assignment2.HttpReqParser.parseRequest(HttpReqParser.java:17)
	at assignment2.RequestHandler.handleRequest(RequestHandler.java:24)
	at assignment2.AggregationServer.handleRequest(AggregationServer.java:86)
	at assignment2.AggregationServer.lambda$new$1(AggregationServer.java:35)
	at java.base/java.util.concurrent.Executors$RunnableAdapter.call(Executors.java:539)
	at java.base/java.util.concurrent.FutureTask.run(FutureTask.java:264)
	at java.base/java.util.concurrent.ThreadPoolExecutor.runWorker(ThreadPoolExecutor.java:1136)
	at java.base/java.util.concurrent.ThreadPoolExecutor$Worker.run(ThreadPoolExecutor.java:635)
	at java.base/java.lang.Thread.run(Thread.java:840)
Server startup failed: Address already in use
java.net.BindException: Address already in use
	at java.base/sun.nio.ch.Net.bind0(Native Method)
	at java.base/sun.nio.ch.Net.bind(Net.java:555)
	at java.base/sun.nio.ch.Net.bind(Net.java:544)
	at java.base/sun.nio.ch.NioSocketImpl.bind(NioSocketImpl.java:648)
	at java.base/java.net.ServerSocket.bind(ServerSocket.java:388)
	at java.base/java.net.ServerSocket.<init>(ServerSocket.java:274)
	at java.base/java.net.ServerSocket.<init>(ServerSocket.java:167)
	at assignment2.AggregationServer.<init>(AggregationServer.java:30)
	at assignment2.AggregationServerTest.lambda$setUp$0(AggregationServerTest.java:23)
	at java.base/java.lang.Thread.run(Thread.java:840)
]]></system-err>
  </testcase>
  <testcase name="testPutWeatherData" classname="assignment2.AggregationServerTest" time="2.013">
    <system-out><![CDATA[Recovering from weather_data.json, exists: false
Persisted to weather_data.temp.json
Moved to weather_data.json
Persisted to weather_data.temp.json
Moved to weather_data.json
Persisted to weather_data.temp.json
Moved to weather_data.json
Persisted to weather_data.temp.json
Moved to weather_data.json
testPutWeatherData PUT response:
HTTP/1.1 201 Created
Lamport-Clock: 61
Content-Length: 0



getData(null) result: [{"id":"test_station","name":"Test Station","state":"CA","timeZone":null,"lat":0.0,"lon":0.0,"localDateTime":null,"localDateTimeFull":null,"airTemp":0.0,"apparentT":0.0,"cloud":null,"dewpt":0.0,"press":0.0,"relHum":0,"windDir":null,"windSpdKmh":0,"windSpdKt":0}]
testPutWeatherData GET response:
HTTP/1.1 200 OK
Lamport-Clock: 63
Content-Type: application/json
Content-Length: 262

[{"id":"test_station","name":"Test Station","state":"CA","timeZone":null,"lat":0.0,"lon":0.0,"localDateTime":null,"localDateTimeFull":null,"airTemp":0.0,"apparentT":0.0,"cloud":null,"dewpt":0.0,"press":0.0,"relHum":0,"windDir":null,"windSpdKmh":0,"windSpdKt":0}]

]]></system-out>
    <system-err><![CDATA[Server startup failed: Address already in use
java.net.BindException: Address already in use
	at java.base/sun.nio.ch.Net.bind0(Native Method)
	at java.base/sun.nio.ch.Net.bind(Net.java:555)
	at java.base/sun.nio.ch.Net.bind(Net.java:544)
	at java.base/sun.nio.ch.NioSocketImpl.bind(NioSocketImpl.java:648)
	at java.base/java.net.ServerSocket.bind(ServerSocket.java:388)
	at java.base/java.net.ServerSocket.<init>(ServerSocket.java:274)
	at java.base/java.net.ServerSocket.<init>(ServerSocket.java:167)
	at assignment2.AggregationServer.<init>(AggregationServer.java:30)
	at assignment2.AggregationServerTest.lambda$setUp$0(AggregationServerTest.java:23)
	at java.base/java.lang.Thread.run(Thread.java:840)
]]></system-err>
  </testcase>
</testsuite>